<?xml version="1.0" encoding="UTF-8"?>
<!-- Generated by org.testng.reporters.JUnitReportReporter -->
<testsuite hostname="swagLabsMain-Mokhtar" failures="0" tests="3" name="swagLabsMain.Tests.submitOrderTest" time="35.465" errors="0" timestamp="2025-07-14T23:03:45 EEST" skipped="0">
  <testcase classname="swagLabsMain.Tests.submitOrderTest" name="fullPurchaseTest" time="5.424"/>
  <testcase classname="swagLabsMain.Tests.submitOrderTest" name="fullPurchaseTest" time="5.473"/>
  <testcase classname="swagLabsMain.Tests.submitOrderTest" name="fullPurchaseTest" time="24.568"/>
</testsuite> <!-- swagLabsMain.Tests.submitOrderTest -->
