<?xml version="1.0" encoding="UTF-8"?>
<!-- Generated by org.testng.reporters.JUnitReportReporter -->
<testsuite hostname="swagLabsMain-Mokhtar" failures="0" tests="1" name="swagLabsMain.Tests.StandAloneTest" time="5.256" errors="0" timestamp="2025-06-25T15:30:21 EEST" skipped="0">
  <testcase classname="swagLabsMain.Tests.StandAloneTest" name="fullPurchaseTest" time="5.256"/>
</testsuite> <!-- swagLabsMain.Tests.StandAloneTest -->
