<?xml version="1.0" encoding="UTF-8"?>
<!-- Generated by org.testng.reporters.JUnitReportReporter -->
<testsuite hostname="Omar-Mokhtar" failures="0" tests="3" name="Omar.SwagLabsProject.ValidLoginTests" time="15.510" errors="0" timestamp="2025-07-14T23:03:45 EEST" skipped="0">
  <testcase classname="Omar.SwagLabsProject.ValidLoginTests" name="validProblemUserLoginTest" time="2.630"/>
  <testcase classname="Omar.SwagLabsProject.ValidLoginTests" name="validPerformanceUserLoginTest" time="9.211"/>
  <testcase classname="Omar.SwagLabsProject.ValidLoginTests" name="validStandardUserLoginTest" time="3.669"/>
</testsuite> <!-- Omar.SwagLabsProject.ValidLoginTests -->
