<?xml version="1.0" encoding="UTF-8"?>
<!-- Generated by org.testng.reporters.JUnitReportReporter -->
<testsuite hostname="SwagLabs-Mokhtar" failures="0" tests="1" name="SwagLabs.Tests.CheckingCartAfterLogout" time="7.077" errors="0" timestamp="2025-07-14T23:45:45 EEST" skipped="0">
  <testcase classname="SwagLabs.Tests.CheckingCartAfterLogout" name="CheckoingOnProductsAfterLogoutTest" time="7.077"/>
</testsuite> <!-- SwagLabs.Tests.CheckingCartAfterLogout -->
