<?xml version="1.0" encoding="UTF-8"?>
<!-- Generated by org.testng.reporters.JUnitReportReporter -->
<testsuite hostname="SwagLabs-Mokhtar" failures="0" tests="3" name="SwagLabs.Tests.AddingAndRemovingProducts" time="16.623" errors="0" timestamp="2025-07-14T23:03:45 EEST" skipped="0">
  <testcase classname="SwagLabs.Tests.AddingAndRemovingProducts" name="removeProductFromProductPageTest" time="5.499"/>
  <testcase classname="SwagLabs.Tests.AddingAndRemovingProducts" name="addAndRemoveProductFromProductDetailsPageTest" time="5.958"/>
  <testcase classname="SwagLabs.Tests.AddingAndRemovingProducts" name="addAndRemoveProductFromCartTest" time="5.166"/>
</testsuite> <!-- SwagLabs.Tests.AddingAndRemovingProducts -->
