<?xml version="1.0" encoding="UTF-8"?>
<!-- Generated by org.testng.reporters.JUnitReportReporter -->
<testsuite hostname="Omar-Mokhtar" failures="0" tests="3" name="Omar.SwagLabsProject.SubmittingOrderTests" time="21.903" errors="0" timestamp="2025-07-28T15:29:52 EEST" skipped="0">
  <testcase classname="Omar.SwagLabsProject.SubmittingOrderTests" name="fullPurchaseTest" time="8.116"/>
  <testcase classname="Omar.SwagLabsProject.SubmittingOrderTests" name="fullPurchaseTest" time="7.502"/>
  <testcase classname="Omar.SwagLabsProject.SubmittingOrderTests" name="fullPurchaseTest" time="6.285"/>
</testsuite> <!-- Omar.SwagLabsProject.SubmittingOrderTests -->
