<?xml version="1.0" encoding="UTF-8"?>
<!-- Generated by org.testng.reporters.JUnitReportReporter -->
<testsuite hostname="Omar-Mokhtar" failures="0" tests="1" name="Omar.SwagLabsProject.CheckingCartAfterLogoutTests" time="6.178" errors="0" timestamp="2025-07-28T15:29:52 EEST" skipped="0">
  <testcase classname="Omar.SwagLabsProject.CheckingCartAfterLogoutTests" name="CheckingOnProductsAfterLogoutTest" time="6.178"/>
</testsuite> <!-- Omar.SwagLabsProject.CheckingCartAfterLogoutTests -->
