<?xml version="1.0" encoding="UTF-8"?>
<!-- Generated by org.testng.reporters.JUnitReportReporter -->
<testsuite hostname="Omar-Mokhtar" failures="0" tests="3" name="Omar.SwagLabsProject.ValidLoginTests" time="24.255" errors="0" timestamp="2025-07-28T15:29:52 EEST" skipped="0">
  <testcase classname="Omar.SwagLabsProject.ValidLoginTests" name="validProblemUserLoginTest" time="6.829"/>
  <testcase classname="Omar.SwagLabsProject.ValidLoginTests" name="validStandardUserLoginTest" time="4.980"/>
  <testcase classname="Omar.SwagLabsProject.ValidLoginTests" name="validPerformanceUserLoginTest" time="12.446"/>
</testsuite> <!-- Omar.SwagLabsProject.ValidLoginTests -->
