<?xml version="1.0" encoding="UTF-8"?>
<!-- Generated by org.testng.reporters.JUnitReportReporter -->
<testsuite hostname="Omar-Mokhtar" failures="0" tests="3" name="Omar.SwagLabsProject.submitOrderTest" time="23.890" errors="0" timestamp="2025-06-29T00:23:18 EEST" skipped="0">
  <testcase classname="Omar.SwagLabsProject.submitOrderTest" name="fullPurchaseTest" time="8.004"/>
  <testcase classname="Omar.SwagLabsProject.submitOrderTest" name="fullPurchaseTest" time="8.315"/>
  <testcase classname="Omar.SwagLabsProject.submitOrderTest" name="fullPurchaseTest" time="7.571"/>
</testsuite> <!-- Omar.SwagLabsProject.submitOrderTest -->
