<?xml version="1.0" encoding="UTF-8"?>
<!-- Generated by org.testng.reporters.JUnitReportReporter -->
<testsuite hostname="Omar-Mokhtar" failures="0" tests="1" name="swagLabsTests.tests.cart.CheckingCartAfterLogoutTests" time="8.666" errors="0" timestamp="2025-08-09T16:47:19 EEST" skipped="0">
  <testcase classname="swagLabsTests.tests.cart.CheckingCartAfterLogoutTests" name="checkingOnProductsAfterLogoutTest" time="8.666"/>
</testsuite> <!-- swagLabsTests.tests.cart.CheckingCartAfterLogoutTests -->
